[2025-10-21T12:40:09.230Z] error: 	STDERR: bash: line 1: cd: /home/KURS16/project1: No such file or directory
[2025-10-21T12:40:09.232Z] error: 	bash: line 1: cd: /home/KURS16/project1: No such file or directory
[2025-10-21T13:23:24.837Z] error: 	JSON parse error for c:\Users\AaronPumm\git\KURS16\.obi\etc\dependency.json
[2025-10-21T13:23:24.837Z] error: 	Parsing JSON content on line undefined, column undefined: Unexpected end of JSON input
[2025-10-21T13:41:17.822Z] error: 	JSON parse error for c:\Users\AaronPumm\git\KURS16\.obi\etc\object-builds.json
[2025-10-21T13:41:17.823Z] error: 	Parsing JSON content on line undefined, column undefined: Unexpected end of JSON input
[2025-10-21T13:41:17.830Z] error: 	JSON parse error for c:\Users\AaronPumm\git\KURS16\.obi\etc\dependency.json
[2025-10-21T13:41:17.831Z] error: 	Parsing JSON content on line undefined, column undefined: Unexpected end of JSON input
[2025-10-21T13:41:28.114Z] error: 	STDERR: ls: cannot access '/home/KURS16/project1/src': No such file or directory
[2025-10-21T13:41:46.035Z] error: 	Transfer canceled by user
[2025-10-21T13:44:11.802Z] error: 	STDERR: ls: cannot access '/home/KURS16/project1/src': No such file or directory
[2025-10-21T13:44:44.149Z] error: 	JSON parse error for c:\Users\AaronPumm\git\KURS16\.obi\etc\object-builds.json
[2025-10-21T13:44:44.151Z] error: 	Parsing JSON content on line undefined, column undefined: Unexpected end of JSON input
[2025-10-28T11:48:44.462Z] error: 	JSON parse error for c:\Users\AaronPumm\git\KURS16\.obi\etc\dependency.json
[2025-10-28T11:48:44.463Z] error: 	Parsing JSON content on line undefined, column undefined: Unexpected end of JSON input
[2025-10-28T13:05:31.015Z] error: 	JSON parse error for c:\Users\AaronPumm\git\KURS16\.obi\etc\dependency.json
[2025-10-28T13:05:31.020Z] error: 	Parsing JSON content on line undefined, column undefined: Unexpected end of JSON input
[2025-10-28T13:53:07.414Z] error: 	JSON parse error for c:\Users\AaronPumm\git\KURS16\.obi\etc\dependency.json
[2025-10-28T13:53:07.415Z] error: 	Parsing JSON content on line undefined, column undefined: Unexpected end of JSON input
[2025-10-28T13:53:26.787Z] error: 	JSON parse error for c:\Users\AaronPumm\git\KURS16\.obi\etc\dependency.json
[2025-10-28T13:53:26.788Z] error: 	Parsing JSON content on line undefined, column undefined: Unexpected end of JSON input
[2025-10-28T13:54:37.405Z] error: 	JSON parse error for c:\Users\AaronPumm\git\KURS16\.obi\etc\dependency.json
[2025-10-28T13:54:37.406Z] error: 	Parsing JSON content on line undefined, column undefined: Unexpected end of JSON input
[2025-10-28T13:55:55.219Z] error: 	JSON parse error for c:\Users\AaronPumm\git\KURS16\.obi\etc\dependency.json
[2025-10-28T13:55:55.221Z] error: 	Parsing JSON content on line undefined, column undefined: Unexpected end of JSON input
[2025-10-28T13:56:42.602Z] error: 	JSON parse error for c:\Users\AaronPumm\git\KURS16\.obi\etc\dependency.json
[2025-10-28T13:56:42.602Z] error: 	Parsing JSON content on line undefined, column undefined: Unexpected end of JSON input
[2025-10-28T13:56:59.430Z] error: 	JSON parse error for c:\Users\AaronPumm\git\KURS16\.obi\etc\dependency.json
[2025-10-28T13:56:59.432Z] error: 	Parsing JSON content on line undefined, column undefined: Unexpected end of JSON input
[2025-10-28T13:57:13.187Z] error: 	JSON parse error for c:\Users\AaronPumm\git\KURS16\.obi\etc\dependency.json
[2025-10-28T13:57:13.188Z] error: 	Parsing JSON content on line undefined, column undefined: Unexpected end of JSON input
[2025-10-28T14:04:21.889Z] error: 	JSON parse error for c:\Users\AaronPumm\git\KURS16\.obi\etc\dependency.json
[2025-10-28T14:04:21.889Z] error: 	Parsing JSON content on line undefined, column undefined: Unexpected end of JSON input
[2025-10-28T14:04:29.904Z] error: 	JSON parse error for c:\Users\AaronPumm\git\KURS16\.obi\etc\dependency.json
[2025-10-28T14:04:29.904Z] error: 	Parsing JSON content on line undefined, column undefined: Unexpected end of JSON input
[2025-10-28T14:11:46.067Z] error: 	JSON parse error for c:\Users\AaronPumm\git\KURS16\.obi\etc\dependency.json
[2025-10-28T14:11:46.067Z] error: 	Parsing JSON content on line undefined, column undefined: Unexpected end of JSON input
[2025-10-28T14:12:16.299Z] error: 	JSON parse error for c:\Users\AaronPumm\git\KURS16\.obi\etc\dependency.json
[2025-10-28T14:12:16.299Z] error: 	Parsing JSON content on line undefined, column undefined: Unexpected end of JSON input
[2025-10-28T14:15:06.219Z] error: 	JSON parse error for c:\Users\AaronPumm\git\KURS16\.obi\etc\dependency.json
[2025-10-28T14:15:06.219Z] error: 	Parsing JSON content on line undefined, column undefined: Unexpected end of JSON input
[2025-10-28T14:15:17.322Z] error: 	JSON parse error for c:\Users\AaronPumm\git\KURS16\.obi\etc\dependency.json
[2025-10-28T14:15:17.324Z] error: 	Parsing JSON content on line undefined, column undefined: Unexpected end of JSON input
[2025-10-28T14:16:13.729Z] error: 	System command failed: show_changes | exit-code: 1 | signal: null | cmd: '%UserProfile%\obi\obi\venv\Scripts\python.exe -X utf8 %UserProfile%\obi\obi\main.py -a create -p .'
[2025-10-28T14:16:13.729Z] error: 	System command failed: show_changes | exit-code: 1 | signal: null | cmd: '%UserProfile%\obi\obi\venv\Scripts\python.exe -X utf8 %UserProfile%\obi\obi\main.py -a create -p .'
[2025-10-28T14:17:23.603Z] error: 	JSON parse error for c:\Users\AaronPumm\git\KURS16\.obi\etc\dependency.json
[2025-10-28T14:17:23.603Z] error: 	Parsing JSON content on line undefined, column undefined: Unexpected end of JSON input
[2025-10-28T14:17:30.347Z] error: 	JSON parse error for c:\Users\AaronPumm\git\KURS16\.obi\etc\dependency.json
[2025-10-28T14:17:30.347Z] error: 	Parsing JSON content on line undefined, column undefined: Unexpected end of JSON input
[2025-11-20T08:39:28.057Z] error: 	System command error: update_obi | error: Error: spawn C:\WINDOWS\system32\cmd.exe ENOENT | cmd: 'git pull'
[2025-11-20T08:39:35.997Z] error: 	System command error: update_obi | error: Error: spawn C:\WINDOWS\system32\cmd.exe ENOENT | cmd: 'git pull'
