2025-10-28 15:36:00,504 INFO - main.py[49]: Arguments: {'action': 'run', 'source': None, 'set_path': '.', 'editor': None}
2025-10-28 15:36:00,536 DEBUG - main.py[55]: Run build list
2025-10-28 15:36:00,536 DEBUG - main.py[58]: Load configs
2025-10-28 15:36:00,536 DEBUG - main.py[63]: Load compile list
2025-10-28 15:36:00,536 DEBUG - main.py[68]: Remember sources needed to compile
2025-10-28 15:36:00,536 DEBUG - files.py[160]: Source source='KURS16/qrpglesrc/logger.sqlrpgle.srvpgm' gets removed from object-build-list because it needs to get compiled
2025-10-28 15:36:00,536 DEBUG - files.py[160]: Source source='KURS16/qrpglesrc/testlog.rpgle.pgm' gets removed from object-build-list because it needs to get compiled
2025-10-28 15:36:00,537 DEBUG - main.py[75]: Run object builds
2025-10-28 15:36:00,537 INFO - run_cmds.py[37]: Run level_item['level']=1: 1 entries
2025-10-28 15:36:00,537 INFO - run_cmds.py[45]: KURS16/qrpglesrc/logger.sqlrpgle.srvpgm
2025-10-28 15:36:00,537 INFO - run_cmds.py[46]: [{'cmd': 'cl -v "CHGATR OBJ(\'"\'src/KURS16/qrpglesrc/logger.sqlrpgle.srvpgm\'"\') ATR(*CCSID) VALUE(1208)"; echo \'=============(!)JOBLOG(!)====================\'; cl -v "DSPJOBLOG"', 'status': 'new'}, {'cmd': 'liblist -a kurs16 2> /dev/null; liblist -a QGPL 2> /dev/null; cl -v "CRTSQLRPGI OBJ("\'kurs16/logger\'") SRCSTMF(\'"\'src/KURS16/qrpglesrc/logger.sqlrpgle.srvpgm\'"\') OBJTYPE(*MODULE) RPGPPOPT(*LVL2) TGTRLS(*CURRENT) DBGVIEW(*SOURCE) REPLACE(*YES) COMPILEOPT(\'TGTCCSID(*JOB) \')"; echo \'=============(!)JOBLOG(!)====================\'; cl -v "DSPJOBLOG"', 'status': 'new'}, {'cmd': 'liblist -a kurs16 2> /dev/null; liblist -a QGPL 2> /dev/null; cl -v "RMVBNDDIRE BNDDIR(BNDDIR) OBJ("\'*LIBL/logger\'")" ; echo \'=============(!)JOBLOG(!)====================\'; cl -v "DSPJOBLOG"', 'status': 'new'}, {'cmd': 'liblist -a kurs16 2> /dev/null; liblist -a QGPL 2> /dev/null; cl -v "CRTSRVPGM SRVPGM("\'kurs16/logger\'") EXPORT(*ALL) ACTGRP(*CALLER) BNDDIR(BNDDIR) REPLACE(*YES) TGTRLS(*CURRENT) STGMDL(*SNGLVL) "; echo \'=============(!)JOBLOG(!)====================\'; cl -v "DSPJOBLOG"', 'status': 'new'}, {'cmd': 'liblist -a kurs16 2> /dev/null; liblist -a QGPL 2> /dev/null; cl -v "ADDBNDDIRE BNDDIR(BNDDIR) OBJ("\'*LIBL/logger\'")" ; echo \'=============(!)JOBLOG(!)====================\'; cl -v "DSPJOBLOG"', 'status': 'new'}]
2025-10-28 15:36:00,537 DEBUG - run_cmds.py[57]: Execute (new) cl -v "CHGATR OBJ('"'src/KURS16/qrpglesrc/logger.sqlrpgle.srvpgm'"') ATR(*CCSID) VALUE(1208)"; echo '=============(!)JOBLOG(!)===================='; cl -v "DSPJOBLOG"
2025-10-28 15:36:00,651 DEBUG - run_cmds.py[57]: Execute (new) liblist -a kurs16 2> /dev/null; liblist -a QGPL 2> /dev/null; cl -v "CRTSQLRPGI OBJ("'kurs16/logger'") SRCSTMF('"'src/KURS16/qrpglesrc/logger.sqlrpgle.srvpgm'"') OBJTYPE(*MODULE) RPGPPOPT(*LVL2) TGTRLS(*CURRENT) DBGVIEW(*SOURCE) REPLACE(*YES) COMPILEOPT('TGTCCSID(*JOB) ')"; echo '=============(!)JOBLOG(!)===================='; cl -v "DSPJOBLOG"
2025-10-28 15:36:01,163 DEBUG - run_cmds.py[57]: Execute (new) liblist -a kurs16 2> /dev/null; liblist -a QGPL 2> /dev/null; cl -v "RMVBNDDIRE BNDDIR(BNDDIR) OBJ("'*LIBL/logger'")" ; echo '=============(!)JOBLOG(!)===================='; cl -v "DSPJOBLOG"
2025-10-28 15:36:01,285 DEBUG - run_cmds.py[57]: Execute (new) liblist -a kurs16 2> /dev/null; liblist -a QGPL 2> /dev/null; cl -v "CRTSRVPGM SRVPGM("'kurs16/logger'") EXPORT(*ALL) ACTGRP(*CALLER) BNDDIR(BNDDIR) REPLACE(*YES) TGTRLS(*CURRENT) STGMDL(*SNGLVL) "; echo '=============(!)JOBLOG(!)===================='; cl -v "DSPJOBLOG"
2025-10-28 15:36:01,426 DEBUG - run_cmds.py[57]: Execute (new) liblist -a kurs16 2> /dev/null; liblist -a QGPL 2> /dev/null; cl -v "ADDBNDDIRE BNDDIR(BNDDIR) OBJ("'*LIBL/logger'")" ; echo '=============(!)JOBLOG(!)===================='; cl -v "DSPJOBLOG"
2025-10-28 15:36:01,551 INFO - run_cmds.py[37]: Run level_item['level']=2: 1 entries
2025-10-28 15:36:01,552 INFO - run_cmds.py[45]: KURS16/qrpglesrc/testlog.rpgle.pgm
2025-10-28 15:36:01,552 INFO - run_cmds.py[46]: [{'cmd': 'cl -v "CHGATR OBJ(\'"\'src/KURS16/qrpglesrc/testlog.rpgle.pgm\'"\') ATR(*CCSID) VALUE(1208)"; echo \'=============(!)JOBLOG(!)====================\'; cl -v "DSPJOBLOG"', 'status': 'new'}, {'cmd': 'liblist -a kurs16 2> /dev/null; liblist -a QGPL 2> /dev/null; cl -v "CRTBNDRPG PGM("\'kurs16/testlog\'") SRCSTMF(\'"\'src/KURS16/qrpglesrc/testlog.rpgle.pgm\'"\') DBGVIEW(*ALL) REPLACE(*YES) TGTCCSID(*JOB) "; echo \'=============(!)JOBLOG(!)====================\'; cl -v "DSPJOBLOG"', 'status': 'new'}]
2025-10-28 15:36:01,552 DEBUG - run_cmds.py[57]: Execute (new) cl -v "CHGATR OBJ('"'src/KURS16/qrpglesrc/testlog.rpgle.pgm'"') ATR(*CCSID) VALUE(1208)"; echo '=============(!)JOBLOG(!)===================='; cl -v "DSPJOBLOG"
2025-10-28 15:36:01,684 DEBUG - run_cmds.py[57]: Execute (new) liblist -a kurs16 2> /dev/null; liblist -a QGPL 2> /dev/null; cl -v "CRTBNDRPG PGM("'kurs16/testlog'") SRCSTMF('"'src/KURS16/qrpglesrc/testlog.rpgle.pgm'"') DBGVIEW(*ALL) REPLACE(*YES) TGTCCSID(*JOB) "; echo '=============(!)JOBLOG(!)===================='; cl -v "DSPJOBLOG"
2025-10-28 15:36:02,001 DEBUG - main.py[87]: Get results from build
2025-10-28 15:36:02,004 DEBUG - results.py[111]: build_output_dir='.obi/build-output/objects', sub_folder='qrpglesrc', lib_obj_name='KURS16/logger.sqlrpgle.srvpgm', lib_obj_name_md_encoded='KURS16/logger.sqlrpgle.srvpgm', obj_name='logger.sqlrpgle.srvpgm', obj_lib='KURS16'
2025-10-28 15:36:02,004 DEBUG - results.py[111]: build_output_dir='.obi/build-output/objects', sub_folder='qrpglesrc', lib_obj_name='KURS16/testlog.rpgle.pgm', lib_obj_name_md_encoded='KURS16/testlog.rpgle.pgm', obj_name='testlog.rpgle.pgm', obj_lib='KURS16'
2025-10-28 15:36:02,004 DEBUG - results.py[155]: ['KURS16/qrpglesrc/testlog.rpgle.pgm']
2025-10-28 15:36:02,005 DEBUG - files.py[90]: Write Textfile: os.path.abspath(file)='/home/KURS16/project1/.obi/build-output/compiled-object-list.md'; 137295 Bytes
